<?xml version="1.0" encoding="UTF-8"?>
<testng-results ignored="0" total="1" passed="1" failed="0" skipped="0">
  <reporter-output>
  </reporter-output>
  <suite started-at="2024-03-03T18:56:47 IST" name="Suite" finished-at="2024-03-03T18:56:50 IST" duration-ms="3676">
    <groups>
    </groups>
    <test started-at="2024-03-03T18:56:47 IST" name="Test" finished-at="2024-03-03T18:56:50 IST" duration-ms="3676">
      <class name="testNG.Day1">
        <test-method signature="test1()[pri:0, instance:testNG.Day1@942a29c]" started-at="2024-03-03T18:56:47 IST" name="test1" finished-at="2024-03-03T18:56:50 IST" duration-ms="3632" status="PASS">
          <reporter-output>
          </reporter-output>
        </test-method> <!-- test1 -->
      </class> <!-- testNG.Day1 -->
    </test> <!-- Test -->
  </suite> <!-- Suite -->
</testng-results>
